Traceback (most recent call last):
  File "/Users/emueller/opt/anaconda3/lib/python3.9/site-packages/jupyter_cache/executors/utils.py", line 58, in single_nb_execution
    executenb(
  File "/Users/emueller/opt/anaconda3/lib/python3.9/site-packages/nbclient/client.py", line 1305, in execute
    return NotebookClient(nb=nb, resources=resources, km=km, **kwargs).execute()
  File "/Users/emueller/opt/anaconda3/lib/python3.9/site-packages/jupyter_core/utils/__init__.py", line 165, in wrapped
    return loop.run_until_complete(inner)
  File "/Users/emueller/opt/anaconda3/lib/python3.9/asyncio/base_events.py", line 647, in run_until_complete
    return future.result()
  File "/Users/emueller/opt/anaconda3/lib/python3.9/site-packages/nbclient/client.py", line 705, in async_execute
    await self.async_execute_cell(
  File "/Users/emueller/opt/anaconda3/lib/python3.9/site-packages/nbclient/client.py", line 1058, in async_execute_cell
    await self._check_raise_for_error(cell, cell_index, exec_reply)
  File "/Users/emueller/opt/anaconda3/lib/python3.9/site-packages/nbclient/client.py", line 914, in _check_raise_for_error
    raise CellExecutionError.from_cell_and_msg(cell, exec_reply_content)
nbclient.exceptions.CellExecutionError: An error occurred while executing the following cell:
------------------
critdata=loadcritsim("crit.h5")
------------------


unable to determine if crit.h5 is accessible in the HDF5 format (file may not exist)

Stacktrace:
 [1] error(s::String)
   @ Base ./error.jl:35
 [2] h5open(filename::String, mode::String, fapl::HDF5.FileAccessProperties, fcpl::HDF5.FileCreateProperties; swmr::Bool)
   @ HDF5 ~/.julia/packages/HDF5/MIuzl/src/file.jl:45
 [3] h5open
   @ ~/.julia/packages/HDF5/MIuzl/src/file.jl:20 [inlined]
 [4] h5open(filename::String, mode::String; swmr::Bool, fapl::HDF5.FileAccessProperties, fcpl::HDF5.FileCreateProperties, pv::@Kwargs{})
   @ HDF5 ~/.julia/packages/HDF5/MIuzl/src/file.jl:72
 [5] h5open(filename::String, mode::String)
   @ HDF5 ~/.julia/packages/HDF5/MIuzl/src/file.jl:60
 [6] #h5open#16
   @ ~/.julia/packages/HDF5/MIuzl/src/file.jl:92 [inlined]
 [7] h5open
   @ ~/.julia/packages/HDF5/MIuzl/src/file.jl:91 [inlined]
 [8] loadcritsim(filename::String)
   @ Main ./In[34]:20
 [9] top-level scope
   @ In[36]:1

