Traceback (most recent call last):
  File "/Users/emueller/opt/anaconda3/lib/python3.9/site-packages/jupyter_cache/executors/utils.py", line 58, in single_nb_execution
    executenb(
  File "/Users/emueller/opt/anaconda3/lib/python3.9/site-packages/nbclient/client.py", line 1305, in execute
    return NotebookClient(nb=nb, resources=resources, km=km, **kwargs).execute()
  File "/Users/emueller/opt/anaconda3/lib/python3.9/site-packages/jupyter_core/utils/__init__.py", line 165, in wrapped
    return loop.run_until_complete(inner)
  File "/Users/emueller/opt/anaconda3/lib/python3.9/asyncio/base_events.py", line 647, in run_until_complete
    return future.result()
  File "/Users/emueller/opt/anaconda3/lib/python3.9/site-packages/nbclient/client.py", line 705, in async_execute
    await self.async_execute_cell(
  File "/Users/emueller/opt/anaconda3/lib/python3.9/site-packages/nbclient/client.py", line 1058, in async_execute_cell
    await self._check_raise_for_error(cell, cell_index, exec_reply)
  File "/Users/emueller/opt/anaconda3/lib/python3.9/site-packages/nbclient/client.py", line 914, in _check_raise_for_error
    raise CellExecutionError.from_cell_and_msg(cell, exec_reply_content)
nbclient.exceptions.CellExecutionError: An error occurred while executing the following cell:
------------------
g_N100_r01=randomgrid(nx=10,ny=10,r=0.01,Lx=1,Ly=1)
visualize(g_N100_r01)
------------------

----- stderr -----
WARNING: both GLMakie and Plots export "plot"; uses of it in module Main must be qualified
WARNING: both GLMakie and Plots export "plot!"; uses of it in module Main must be qualified
------------------

UndefVarError: `plot` not defined

Stacktrace:
 [1] [0m[1mvisualize[22m[0m[1m([22m[90mopts[39m::[0mBilliard; [90mnamedopts[39m::[0m@Kwargs[90m{}[39m[0m[1m)[22m
[90m   @[39m [35mMain[39m [90m./[39m[90m[4mIn[1]:177[24m[39m
 [2] [0m[1mvisualize[22m[0m[1m([22m[90mopts[39m::[0mBilliard[0m[1m)[22m
[90m   @[39m [35mMain[39m [90m./[39m[90m[4mIn[1]:176[24m[39m
 [3] top-level scope
[90m   @[39m [90m[4mIn[3]:2[24m[39m

