Traceback (most recent call last):
  File "/Users/emueller/opt/anaconda3/lib/python3.9/site-packages/jupyter_cache/executors/utils.py", line 58, in single_nb_execution
    executenb(
  File "/Users/emueller/opt/anaconda3/lib/python3.9/site-packages/nbclient/client.py", line 1305, in execute
    return NotebookClient(nb=nb, resources=resources, km=km, **kwargs).execute()
  File "/Users/emueller/opt/anaconda3/lib/python3.9/site-packages/jupyter_core/utils/__init__.py", line 165, in wrapped
    return loop.run_until_complete(inner)
  File "/Users/emueller/opt/anaconda3/lib/python3.9/asyncio/base_events.py", line 647, in run_until_complete
    return future.result()
  File "/Users/emueller/opt/anaconda3/lib/python3.9/site-packages/nbclient/client.py", line 705, in async_execute
    await self.async_execute_cell(
  File "/Users/emueller/opt/anaconda3/lib/python3.9/site-packages/nbclient/client.py", line 1058, in async_execute_cell
    await self._check_raise_for_error(cell, cell_index, exec_reply)
  File "/Users/emueller/opt/anaconda3/lib/python3.9/site-packages/nbclient/client.py", line 914, in _check_raise_for_error
    raise CellExecutionError.from_cell_and_msg(cell, exec_reply_content)
nbclient.exceptions.CellExecutionError: An error occurred while executing the following cell:
------------------
# Here is a random configuration
r1=rand_ising2d(2^8,2^8)
@time e1=Energy(r1,0)
@show e1
image(r1,interpolate=false,aspectratio=:equal)
------------------

----- stdout -----
  0.005898 seconds (11.53 k allocations: 800.719 KiB, 98.52% compilation time)
e1 = -0.0015869140625
------------------

Invalid attribute [31m[1maspectratio[22m[39m for plot type [34m[1mImage{Tuple{Makie.EndPoints{Float32}, Makie.EndPoints{Float32}, Matrix{Float32}}}[22m[39m.

The available plot attributes for Image{Tuple{Makie.EndPoints{Float32}, Makie.EndPoints{Float32}, Matrix{Float32}}} are:

alpha        depth_shift      inspector_hover  nan_color       transparency
clip_planes  fxaa             inspector_label  overdraw        uv_transform
colormap     highclip         interpolate      space           visible     
colorrange   inspectable      lowclip          ssao                        
colorscale   inspector_clear  model            transformation              



Stacktrace:
 [1] [0m[1mvalidate_attribute_keys[22m[0m[1m([22m[90mplot[39m::[0mImage[90m{Tuple{Makie.EndPoints{Float32}, Makie.EndPoints{Float32}, Matrix{Float32}}}[39m[0m[1m)[22m
[90m   @[39m [35mMakie[39m [90m~/.julia/packages/Makie/PpRC2/src/[39m[90m[4mrecipes.jl:931[24m[39m
 [2] [0m[1mpush![22m[0m[1m([22m[90mscene[39m::[0mScene, [90mplot[39m::[0mPlot[0m[1m)[22m
[90m   @[39m [35mMakie[39m [90m~/.julia/packages/Makie/PpRC2/src/[39m[90m[4mscenes.jl:512[24m[39m
 [3] [0m[1mplot![22m
[90m   @[39m [90m~/.julia/packages/Makie/PpRC2/src/[39m[90m[4minterfaces.jl:212[24m[39m[90m [inlined][39m
 [4] [0m[1mplot![22m[0m[1m([22m[90max[39m::[0mAxis, [90mplot[39m::[0mImage[90m{Tuple{Makie.EndPoints{Float32}, Makie.EndPoints{Float32}, Matrix{Float32}}}[39m[0m[1m)[22m
[90m   @[39m [35mMakie[39m [90m~/.julia/packages/Makie/PpRC2/src/[39m[90m[4mfigureplotting.jl:431[24m[39m
 [5] [0m[1mplot![22m[0m[1m([22m[90mfa[39m::[0mMakie.FigureAxis, [90mplot[39m::[0mImage[90m{Tuple{Makie.EndPoints{Float32}, Makie.EndPoints{Float32}, Matrix{Float32}}}[39m[0m[1m)[22m
[90m   @[39m [35mMakie[39m [90m~/.julia/packages/Makie/PpRC2/src/[39m[90m[4mfigureplotting.jl:427[24m[39m
 [6] [0m[1m_create_plot[22m[0m[1m([22m[90mF[39m::[0mFunction, [90mattributes[39m::[0mDict[90m{Symbol, Any}[39m, [90margs[39m::[0mMatrix[90m{Int8}[39m[0m[1m)[22m
[90m   @[39m [35mMakie[39m [90m~/.julia/packages/Makie/PpRC2/src/[39m[90m[4mfigureplotting.jl:330[24m[39m
 [7] [0m[1m#image#45[22m
[90m   @[39m [90m~/.julia/packages/Makie/PpRC2/src/[39m[90m[4mrecipes.jl:517[24m[39m[90m [inlined][39m
 [8] top-level scope
[90m   @[39m [90m[4mIn[6]:5[24m[39m

