Traceback (most recent call last):
  File "/Users/emueller/opt/anaconda3/lib/python3.9/site-packages/jupyter_cache/executors/utils.py", line 58, in single_nb_execution
    executenb(
  File "/Users/emueller/opt/anaconda3/lib/python3.9/site-packages/nbclient/client.py", line 1305, in execute
    return NotebookClient(nb=nb, resources=resources, km=km, **kwargs).execute()
  File "/Users/emueller/opt/anaconda3/lib/python3.9/site-packages/jupyter_core/utils/__init__.py", line 165, in wrapped
    return loop.run_until_complete(inner)
  File "/Users/emueller/opt/anaconda3/lib/python3.9/asyncio/base_events.py", line 647, in run_until_complete
    return future.result()
  File "/Users/emueller/opt/anaconda3/lib/python3.9/site-packages/nbclient/client.py", line 705, in async_execute
    await self.async_execute_cell(
  File "/Users/emueller/opt/anaconda3/lib/python3.9/site-packages/nbclient/client.py", line 1058, in async_execute_cell
    await self._check_raise_for_error(cell, cell_index, exec_reply)
  File "/Users/emueller/opt/anaconda3/lib/python3.9/site-packages/nbclient/client.py", line 914, in _check_raise_for_error
    raise CellExecutionError.from_cell_and_msg(cell, exec_reply_content)
nbclient.exceptions.CellExecutionError: An error occurred while executing the following cell:
------------------
using Distributions
------------------


ArgumentError: Package Distributions not found in current path.
- Run `import Pkg; Pkg.add("Distributions")` to install the Distributions package.

Stacktrace:
 [1] [0m[1mmacro expansion[22m
[90m   @[39m [90m./[39m[90m[4mloading.jl:1772[24m[39m[90m [inlined][39m
 [2] [0m[1mmacro expansion[22m
[90m   @[39m [90m./[39m[90m[4mlock.jl:267[24m[39m[90m [inlined][39m
 [3] [0m[1m__require[22m[0m[1m([22m[90minto[39m::[0mModule, [90mmod[39m::[0mSymbol[0m[1m)[22m
[90m   @[39m [90mBase[39m [90m./[39m[90m[4mloading.jl:1753[24m[39m
 [4] [0m[1m#invoke_in_world#3[22m
[90m   @[39m [90m./[39m[90m[4messentials.jl:926[24m[39m[90m [inlined][39m
 [5] [0m[1minvoke_in_world[22m
[90m   @[39m [90m./[39m[90m[4messentials.jl:923[24m[39m[90m [inlined][39m
 [6] [0m[1mrequire[22m[0m[1m([22m[90minto[39m::[0mModule, [90mmod[39m::[0mSymbol[0m[1m)[22m
[90m   @[39m [90mBase[39m [90m./[39m[90m[4mloading.jl:1746[24m[39m

